INFO:root:Successful query with result: on 2021-02-24 21:00:00 The temperature in Minneapolis, US will be 28.56F and broken clouds
INFO:root:Successful query with result: on 2021-02-25 00:00:00 The temperature in Minneapolis, US will be 25.63F and broken clouds
INFO:root:Successful query with result: on 2021-02-25 03:00:00 The temperature in Minneapolis, US will be 24.33F and broken clouds
INFO:root:Successful query with result: on 2021-02-25 06:00:00 The temperature in Minneapolis, US will be 20.88F and scattered clouds
INFO:root:Successful query with result: on 2021-02-25 09:00:00 The temperature in Minneapolis, US will be 22.44F and clear sky
INFO:root:Successful query with result: on 2021-02-25 12:00:00 The temperature in Minneapolis, US will be 28.67F and clear sky
INFO:root:Successful query with result: on 2021-02-25 15:00:00 The temperature in Minneapolis, US will be 31.69F and clear sky
INFO:root:Successful query with result: on 2021-02-25 18:00:00 The temperature in Minneapolis, US will be 28.54F and clear sky
INFO:root:Successful query with result: on 2021-02-25 21:00:00 The temperature in Minneapolis, US will be 27.48F and clear sky
INFO:root:Successful query with result: on 2021-02-26 00:00:00 The temperature in Minneapolis, US will be 27.50F and clear sky
INFO:root:Successful query with result: on 2021-02-26 03:00:00 The temperature in Minneapolis, US will be 28.35F and broken clouds
INFO:root:Successful query with result: on 2021-02-26 06:00:00 The temperature in Minneapolis, US will be 28.29F and broken clouds
INFO:root:Successful query with result: on 2021-02-26 09:00:00 The temperature in Minneapolis, US will be 33.31F and overcast clouds
INFO:root:Successful query with result: on 2021-02-26 12:00:00 The temperature in Minneapolis, US will be 37.20F and overcast clouds
INFO:root:Successful query with result: on 2021-02-26 15:00:00 The temperature in Minneapolis, US will be 36.32F and light snow
INFO:root:Successful query with result: on 2021-02-26 18:00:00 The temperature in Minneapolis, US will be 35.06F and overcast clouds
INFO:root:Successful query with result: on 2021-02-26 21:00:00 The temperature in Minneapolis, US will be 33.62F and overcast clouds
INFO:root:Successful query with result: on 2021-02-27 00:00:00 The temperature in Minneapolis, US will be 32.13F and overcast clouds
INFO:root:Successful query with result: on 2021-02-27 03:00:00 The temperature in Minneapolis, US will be 30.25F and scattered clouds
INFO:root:Successful query with result: on 2021-02-27 06:00:00 The temperature in Minneapolis, US will be 29.48F and broken clouds
INFO:root:Successful query with result: on 2021-02-27 09:00:00 The temperature in Minneapolis, US will be 31.78F and scattered clouds
INFO:root:Successful query with result: on 2021-02-27 12:00:00 The temperature in Minneapolis, US will be 36.66F and few clouds
INFO:root:Successful query with result: on 2021-02-27 15:00:00 The temperature in Minneapolis, US will be 36.28F and clear sky
INFO:root:Successful query with result: on 2021-02-27 18:00:00 The temperature in Minneapolis, US will be 31.51F and broken clouds
INFO:root:Successful query with result: on 2021-02-27 21:00:00 The temperature in Minneapolis, US will be 30.65F and overcast clouds
INFO:root:Successful query with result: on 2021-02-28 00:00:00 The temperature in Minneapolis, US will be 27.37F and light snow
INFO:root:Successful query with result: on 2021-02-28 03:00:00 The temperature in Minneapolis, US will be 19.20F and light snow
INFO:root:Successful query with result: on 2021-02-28 06:00:00 The temperature in Minneapolis, US will be 11.64F and broken clouds
INFO:root:Successful query with result: on 2021-02-28 09:00:00 The temperature in Minneapolis, US will be 10.99F and clear sky
INFO:root:Successful query with result: on 2021-02-28 12:00:00 The temperature in Minneapolis, US will be 17.82F and clear sky
INFO:root:Successful query with result: on 2021-02-28 15:00:00 The temperature in Minneapolis, US will be 23.54F and clear sky
INFO:root:Successful query with result: on 2021-02-28 18:00:00 The temperature in Minneapolis, US will be 26.46F and clear sky
INFO:root:Successful query with result: on 2021-02-28 21:00:00 The temperature in Minneapolis, US will be 30.13F and clear sky
INFO:root:Successful query with result: on 2021-03-01 00:00:00 The temperature in Minneapolis, US will be 28.24F and clear sky
INFO:root:Successful query with result: on 2021-03-01 03:00:00 The temperature in Minneapolis, US will be 20.82F and broken clouds
INFO:root:Successful query with result: on 2021-03-01 06:00:00 The temperature in Minneapolis, US will be 13.48F and broken clouds
INFO:root:Successful query with result: on 2021-03-01 09:00:00 The temperature in Minneapolis, US will be 11.01F and clear sky
INFO:root:Successful query with result: on 2021-03-01 12:00:00 The temperature in Minneapolis, US will be 18.00F and clear sky
INFO:root:Successful query with result: on 2021-03-01 15:00:00 The temperature in Minneapolis, US will be 23.14F and clear sky
INFO:root:Successful query with result: on 2021-03-01 18:00:00 The temperature in Minneapolis, US will be 21.78F and clear sky
